V |                      | ArgumentsFromParametersFile.OnBuildCreated (150)
V |                      | HandleReSharperSurrogateArguments.OnBuildCreated (150)
V |                      | InjectParameterValues.OnBuildCreated (100)
V |                      | HandleShellCompletion.OnBuildCreated (75)
V |                      | GenerateBuildServerConfigurations.OnBuildCreated (50)
V |                      | InvokeBuildServerConfigurationGeneration.OnBuildCreated (45)
V |                      | UpdateNotification.OnBuildCreated (10)
V |                      | UnsetVisualStudioEnvironmentVariables.OnBuildCreated (0)
V |                      | HandleVisualStudioDebugging.OnBuildCreated (0)
V |                      | EventInvoker.OnBuildCreated (-3.4028235E+38)
V |                      | HandlePlanRequests.OnBuildInitialized (10)
V |                      | HandleHelpRequests.OnBuildInitialized (5)
V |                      | Telemetry.OnBuildInitialized (0)
V |                      | Sending BuildStarted telemetry event ...
V |                      |   build_components         = 
V |                      |   build_type               = Project
V |                      |   compile_time             = <null>
V |                      |   config_generators        = 
V |                      |   host                     = Terminal
V |                      |   num_custom_components    = 0
V |                      |   num_custom_extensions    = 0
V |                      |   num_partitioned_targets  = 0
V |                      |   num_secrets              = 1
V |                      |   num_targets              = 6
V |                      |   os_architecture          = Arm64
V |                      |   os_platform              = OSX
V |                      |   repo_branch              = main
V |                      |   repo_commit              = b6c9dc
V |                      |   repo_provider            = GitHub
V |                      |   repo_url                 = 3bcd90
V |                      |   target_framework         = .NETCoreApp,Version=v8.0
V |                      |   version_dotnet_sdk       = 8.0.404
V |                      |   version_nuke_common      = 9.0.3
V |                      |   version_nuke_global_tool = <null>
V |                      | InjectNonParameterValues.OnBuildInitialized (-100)
W |                      | Solution /Users/rhysparry/src/Dirt.Env/Dirt.Env.sln has active build configurations for the build project.
Either enable SuppressBuildProjectCheck on Build.Solution or remove the following entries from the solution file:
  - {FE909DB9-9113-44E4-8A46-12D0001582BC}.Debug|Any CPU.Build.0 = Debug|Any CPU
  - {FE909DB9-9113-44E4-8A46-12D0001582BC}.Release|Any CPU.Build.0 = Release|Any CPU
V |                      | EventInvoker.OnBuildInitialized (-3.4028235E+38)
V | Restore              | EventInvoker.OnTargetRunning (-3.4028235E+38)
I | Restore              | > /usr/local/share/dotnet/dotnet restore /Users/rhysparry/src/Dirt.Env/Dirt.Env.sln
V | Restore              | @ /Users/rhysparry/src/Dirt.Env
D | Restore              |   Determining projects to restore...
D | Restore              |   Restored /Users/rhysparry/src/Dirt.Env/Dirt.Env/Dirt.Env.csproj (in 100 ms).
D | Restore              |   Restored /Users/rhysparry/src/Dirt.Env/Dirt.Env.Tests/Dirt.Env.Tests.csproj (in 100 ms).
D | Restore              |   1 of 3 projects are up-to-date for restore.
V | Restore              | Telemetry.OnTargetSucceeded (0)
V | Restore              | Sending TargetSucceeded telemetry event ...
V | Restore              |   build_components         = 
V | Restore              |   build_type               = Project
V | Restore              |   compile_time             = <null>
V | Restore              |   config_generators        = 
V | Restore              |   host                     = Terminal
V | Restore              |   num_custom_components    = 0
V | Restore              |   num_custom_extensions    = 0
V | Restore              |   num_partitioned_targets  = 0
V | Restore              |   num_secrets              = 1
V | Restore              |   num_targets              = 6
V | Restore              |   os_architecture          = Arm64
V | Restore              |   os_platform              = OSX
V | Restore              |   repo_branch              = main
V | Restore              |   repo_commit              = b6c9dc
V | Restore              |   repo_provider            = GitHub
V | Restore              |   repo_url                 = 3bcd90
V | Restore              |   target_current_partition = 1
V | Restore              |   target_duration          = 1
V | Restore              |   target_framework         = .NETCoreApp,Version=v8.0
V | Restore              |   target_name              = Restore
V | Restore              |   target_total_partitions  = 1
V | Restore              |   version_dotnet_sdk       = 8.0.404
V | Restore              |   version_nuke_common      = 9.0.3
V | Restore              |   version_nuke_global_tool = <null>
V | Restore              | EventInvoker.OnTargetSucceeded (-3.4028235E+38)
V | Compile              | EventInvoker.OnTargetRunning (-3.4028235E+38)
I | Compile              | > /usr/local/share/dotnet/dotnet build /Users/rhysparry/src/Dirt.Env/Dirt.Env.sln --configuration Debug --property:Version=1.1.0-dev.01JEJCDW13JS78K1YTXKYKP8F3 --property:AssemblyVersion=1.1.0 --no-restore
V | Compile              | @ /Users/rhysparry/src/Dirt.Env
D | Compile              |   Dirt.Env -> /Users/rhysparry/src/Dirt.Env/Dirt.Env/bin/Debug/net8.0/Dirt.Env.dll
D | Compile              |   _build -> /Users/rhysparry/src/Dirt.Env/build/bin/Debug/_build.dll
D | Compile              |   Dirt.Env.Tests -> /Users/rhysparry/src/Dirt.Env/Dirt.Env.Tests/bin/Debug/net8.0/Dirt.Env.Tests.dll
D | Compile              | 
D | Compile              | Build succeeded.
D | Compile              |     0 Warning(s)
D | Compile              |     0 Error(s)
D | Compile              | 
D | Compile              | Time Elapsed 00:00:01.12
V | Compile              | Telemetry.OnTargetSucceeded (0)
V | Compile              | Sending TargetSucceeded telemetry event ...
V | Compile              |   build_components         = 
V | Compile              |   build_type               = Project
V | Compile              |   compile_time             = <null>
V | Compile              |   config_generators        = 
V | Compile              |   host                     = Terminal
V | Compile              |   num_custom_components    = 0
V | Compile              |   num_custom_extensions    = 0
V | Compile              |   num_partitioned_targets  = 0
V | Compile              |   num_secrets              = 1
V | Compile              |   num_targets              = 6
V | Compile              |   os_architecture          = Arm64
V | Compile              |   os_platform              = OSX
V | Compile              |   repo_branch              = main
V | Compile              |   repo_commit              = b6c9dc
V | Compile              |   repo_provider            = GitHub
V | Compile              |   repo_url                 = 3bcd90
V | Compile              |   target_current_partition = 1
V | Compile              |   target_duration          = 1
V | Compile              |   target_framework         = .NETCoreApp,Version=v8.0
V | Compile              |   target_name              = Compile
V | Compile              |   target_total_partitions  = 1
V | Compile              |   version_dotnet_sdk       = 8.0.404
V | Compile              |   version_nuke_common      = 9.0.3
V | Compile              |   version_nuke_global_tool = <null>
V | Compile              | EventInvoker.OnTargetSucceeded (-3.4028235E+38)
V | Test                 | EventInvoker.OnTargetRunning (-3.4028235E+38)
I | Test                 | > /usr/local/share/dotnet/dotnet test /Users/rhysparry/src/Dirt.Env/Dirt.Env.sln --configuration Debug --verbosity normal --no-build
V | Test                 | @ /Users/rhysparry/src/Dirt.Env
D | Test                 | Build started 8/12/2024 3:38:45 pm.
D | Test                 |      1>Project "/Users/rhysparry/src/Dirt.Env/Dirt.Env.sln" on node 1 (VSTest target(s)).
D | Test                 |      1>ValidateSolutionConfiguration:
D | Test                 |          Building solution configuration "Debug|Any CPU".
D | Test                 | Test run for /Users/rhysparry/src/Dirt.Env/Dirt.Env.Tests/bin/Debug/net8.0/Dirt.Env.Tests.dll (.NETCoreApp,Version=v8.0)
D | Test                 | VSTest version 17.11.1 (arm64)
D | Test                 | 
D | Test                 | Starting test execution, please wait...
D | Test                 | A total of 1 test files matched the specified pattern.
D | Test                 | [xUnit.net 00:00:00.00] xUnit.net VSTest Adapter v2.8.2+699d445a1a (64-bit .NET 8.0.11)
D | Test                 | [xUnit.net 00:00:00.03]   Discovering: Dirt.Env.Tests
D | Test                 | [xUnit.net 00:00:00.04]   Discovered:  Dirt.Env.Tests
D | Test                 | [xUnit.net 00:00:00.04]   Starting:    Dirt.Env.Tests
D | Test                 |   Passed Dirt.Tests.EnvTests.PathWillReturnEmptyEvenIfUnderlyingVariableIsNotPresent [6 ms]
D | Test                 |   Passed Dirt.Tests.EnvTests.NewEnvCreatesSystemEnvironment [< 1 ms]
D | Test                 |   Passed Dirt.Tests.EnvBuilderTests.IgnoringWhenAppendingPathPreservesOriginal [8 ms]
D | Test                 |   Passed Dirt.Tests.EnvBuilderTests.EnvBuilderAutomaticallyHandlesSettingPathVariable [< 1 ms]
D | Test                 |   Passed Dirt.Tests.EnvBuilderTests.CanAppendPathEvenWhenPathVariableIsNotSet [< 1 ms]
D | Test                 |   Passed Dirt.Tests.EnvBuilderTests.UsingWindowsPathSetsPathAsExpected [< 1 ms]
D | Test                 |   Passed Dirt.Tests.EnvBuilderTests.EnvBuilderDoesNotOverwriteExistingVariablesWhenSkipDuplicate [< 1 ms]
D | Test                 |   Passed Dirt.Tests.EnvBuilderTests.SupersedingWhenAppendingPathRemovesOriginal [< 1 ms]
D | Test                 |   Passed Dirt.Tests.EnvBuilderTests.UsingNixPathSetsPathAsExpected [< 1 ms]
D | Test                 |   Passed Dirt.Tests.EnvBuilderTests.TryGetValueReturnsTrueWhenKeyIsPresent [< 1 ms]
D | Test                 |   Passed Dirt.Tests.EnvBuilderTests.EnvBuilderOverwritesExistingVariablesByDefault [< 1 ms]
D | Test                 |   Passed Dirt.Tests.EnvBuilderTests.EnvBuilderCanUnsetPreviouslySetVariables [< 1 ms]
D | Test                 |   Passed Dirt.Tests.EnvBuilderTests.NewEnvBuilderCreatesEmptyEnvironment [< 1 ms]
D | Test                 |   Passed Dirt.Tests.EnvTests.EnvKeysAreCaseSensitive [1 ms]
D | Test                 |   Passed Dirt.Tests.EnvBuilderTests.CanPrependPath [< 1 ms]
D | Test                 |   Passed Dirt.Tests.EnvTests.EnvCanGetAnyPathSeparatedValue [< 1 ms]
D | Test                 | [xUnit.net 00:00:00.08]   Finished:    Dirt.Env.Tests
D | Test                 |   Passed Dirt.Tests.EnvBuilderTests.CanPrependPathEventWhenPathVariableIsNotSet [< 1 ms]
D | Test                 |   Passed Dirt.Tests.EnvBuilderTests.EnvBuilderClearsVariables [< 1 ms]
D | Test                 |   Passed Dirt.Tests.EnvBuilderTests.SkippingWhenAppendingPathPreservesOriginal [< 1 ms]
D | Test                 |   Passed Dirt.Tests.EnvBuilderTests.CanInstantiateUsingSystemEnvironment [< 1 ms]
D | Test                 |   Passed Dirt.Tests.EnvBuilderTests.TryGetValueReturnsFalseWhenKeyIsNotPresent [< 1 ms]
D | Test                 |   Passed Dirt.Tests.EnvTests.NewEnvWithCustomEnvironment [< 1 ms]
D | Test                 |   Passed Dirt.Tests.EnvBuilderTests.ValueContainsExpectedValues [< 1 ms]
D | Test                 |   Passed Dirt.Tests.EnvBuilderTests.CanBuildWithCustomEnvironment [< 1 ms]
D | Test                 |   Passed Dirt.Tests.EnvBuilderTests.EnvBuilderAddsVariable [< 1 ms]
D | Test                 | 
D | Test                 | Test Run Successful.
D | Test                 | Total tests: 25
D | Test                 |      Passed: 25
D | Test                 |  Total time: 0.3303 Seconds
D | Test                 |      1>Done Building Project "/Users/rhysparry/src/Dirt.Env/Dirt.Env.sln" (VSTest target(s)).
D | Test                 | 
D | Test                 | Build succeeded.
D | Test                 |     0 Warning(s)
D | Test                 |     0 Error(s)
D | Test                 | 
D | Test                 | Time Elapsed 00:00:00.84
V | Test                 | Telemetry.OnTargetSucceeded (0)
V | Test                 | Sending TargetSucceeded telemetry event ...
V | Test                 |   build_components         = 
V | Test                 |   build_type               = Project
V | Test                 |   compile_time             = <null>
V | Test                 |   config_generators        = 
V | Test                 |   host                     = Terminal
V | Test                 |   num_custom_components    = 0
V | Test                 |   num_custom_extensions    = 0
V | Test                 |   num_partitioned_targets  = 0
V | Test                 |   num_secrets              = 1
V | Test                 |   num_targets              = 6
V | Test                 |   os_architecture          = Arm64
V | Test                 |   os_platform              = OSX
V | Test                 |   repo_branch              = main
V | Test                 |   repo_commit              = b6c9dc
V | Test                 |   repo_provider            = GitHub
V | Test                 |   repo_url                 = 3bcd90
V | Test                 |   target_current_partition = 1
V | Test                 |   target_duration          = 1
V | Test                 |   target_framework         = .NETCoreApp,Version=v8.0
V | Test                 |   target_name              = Test
V | Test                 |   target_total_partitions  = 1
V | Test                 |   version_dotnet_sdk       = 8.0.404
V | Test                 |   version_nuke_common      = 9.0.3
V | Test                 |   version_nuke_global_tool = <null>
V | Test                 | EventInvoker.OnTargetSucceeded (-3.4028235E+38)
